2025-06-19 14:51:53,857 - __main__ - INFO - logger.py:109 - Validating system environment...
2025-06-19 14:51:53,860 - __main__ - INFO - logger.py:109 - Environment validation completed successfully
2025-06-19 14:51:53,890 - __main__ - INFO - logger.py:109 - Setting up production monitoring...
2025-06-19 14:51:53,919 - __main__ - INFO - logger.py:109 - System resources: 15.4GB RAM, 8 CPUs
2025-06-19 14:51:53,923 - __main__ - INFO - logger.py:109 - Performing pre-flight checks...
2025-06-19 14:51:54,946 - __main__ - INFO - logger.py:109 - Loading and validating input data...
2025-06-19 14:51:55,447 - __main__ - INFO - logger.py:109 - Successfully loaded 147 URLs
2025-06-19 14:51:55,449 - __main__ - INFO - logger.py:109 - Starting content extraction...
2025-06-19 14:51:58,703 - __main__ - INFO - logger.py:109 - ✅ [  1/147] (  0.7%) Netclan20241017
2025-06-19 14:52:01,299 - __main__ - INFO - logger.py:109 - ✅ [  9/147] (  6.1%) Netclan20241025
2025-06-19 14:52:01,303 - __main__ - INFO - logger.py:109 - ✅ [  5/147] (  3.4%) Netclan20241021
2025-06-19 14:52:01,307 - __main__ - INFO - logger.py:109 - ✅ [  4/147] (  2.7%) Netclan20241020
2025-06-19 14:52:01,310 - __main__ - INFO - logger.py:109 - ✅ [  6/147] (  4.1%) Netclan20241022
2025-06-19 14:52:01,313 - __main__ - INFO - logger.py:109 - ✅ [  2/147] (  1.4%) Netclan20241018
2025-06-19 14:52:01,316 - __main__ - INFO - logger.py:109 - ✅ [  3/147] (  2.0%) Netclan20241019
2025-06-19 14:52:01,319 - __main__ - INFO - logger.py:109 - ✅ [  8/147] (  5.4%) Netclan20241024
2025-06-19 14:52:01,323 - __main__ - INFO - logger.py:109 - ✅ [  7/147] (  4.8%) Netclan20241023
2025-06-19 14:52:01,326 - __main__ - INFO - logger.py:109 - ✅ [ 10/147] (  6.8%) Netclan20241026
2025-06-19 14:52:58,552 - __main__ - INFO - logger.py:109 - ✅ [ 14/147] (  9.5%) Netclan20241030
2025-06-19 14:52:59,155 - __main__ - INFO - logger.py:109 - ✅ [ 18/147] ( 12.2%) Netclan20241034
2025-06-19 14:53:00,056 - __main__ - INFO - logger.py:109 - ✅ [ 16/147] ( 10.9%) Netclan20241032
2025-06-19 14:53:00,059 - __main__ - INFO - logger.py:109 - ✅ [ 11/147] (  7.5%) Netclan20241027
2025-06-19 14:53:00,061 - __main__ - INFO - logger.py:109 - ✅ [ 17/147] ( 11.6%) Netclan20241033
2025-06-19 14:53:01,202 - __main__ - INFO - logger.py:109 - ✅ [ 13/147] (  8.8%) Netclan20241029
2025-06-19 14:53:01,206 - __main__ - INFO - logger.py:109 - ✅ [ 19/147] ( 12.9%) Netclan20241035
2025-06-19 14:53:01,814 - __main__ - INFO - logger.py:109 - ✅ [ 15/147] ( 10.2%) Netclan20241031
2025-06-19 14:53:02,272 - __main__ - INFO - logger.py:109 - ✅ [ 20/147] ( 13.6%) Netclan20241036
2025-06-19 14:53:02,605 - __main__ - INFO - logger.py:109 - ✅ [ 12/147] (  8.2%) Netclan20241028
2025-06-19 14:53:58,567 - __main__ - INFO - logger.py:109 - ✅ [ 29/147] ( 19.7%) Netclan20241045
2025-06-19 14:53:59,146 - __main__ - INFO - logger.py:109 - ✅ [ 22/147] ( 15.0%) Netclan20241038
2025-06-19 14:54:01,004 - __main__ - INFO - logger.py:109 - ✅ [ 28/147] ( 19.0%) Netclan20241044
2025-06-19 14:54:01,007 - __main__ - INFO - logger.py:109 - ✅ [ 23/147] ( 15.6%) Netclan20241039
2025-06-19 14:54:01,010 - __main__ - INFO - logger.py:109 - ✅ [ 21/147] ( 14.3%) Netclan20241037
2025-06-19 14:54:01,012 - __main__ - INFO - logger.py:109 - ✅ [ 26/147] ( 17.7%) Netclan20241042
2025-06-19 14:54:01,015 - __main__ - INFO - logger.py:109 - ✅ [ 24/147] ( 16.3%) Netclan20241040
2025-06-19 14:54:01,018 - __main__ - INFO - logger.py:109 - ✅ [ 25/147] ( 17.0%) Netclan20241041
2025-06-19 14:54:01,021 - __main__ - INFO - logger.py:109 - ✅ [ 30/147] ( 20.4%) Netclan20241046
2025-06-19 14:54:01,025 - __main__ - INFO - logger.py:109 - ✅ [ 27/147] ( 18.4%) Netclan20241043
2025-06-19 14:54:58,479 - __main__ - INFO - logger.py:109 - ✅ [ 34/147] ( 23.1%) Netclan20241050
2025-06-19 14:55:01,238 - __main__ - INFO - logger.py:109 - ✅ [ 36/147] ( 24.5%) Netclan20241052
2025-06-19 14:55:01,241 - __main__ - INFO - logger.py:109 - ✅ [ 38/147] ( 25.9%) Netclan20241054
2025-06-19 14:55:01,243 - __main__ - INFO - logger.py:109 - ✅ [ 37/147] ( 25.2%) Netclan20241053
2025-06-19 14:55:01,245 - __main__ - INFO - logger.py:109 - ✅ [ 33/147] ( 22.4%) Netclan20241049
2025-06-19 14:55:01,248 - __main__ - INFO - logger.py:109 - ✅ [ 31/147] ( 21.1%) Netclan20241047
2025-06-19 14:55:01,252 - __main__ - INFO - logger.py:109 - ✅ [ 39/147] ( 26.5%) Netclan20241055
2025-06-19 14:55:01,255 - __main__ - INFO - logger.py:109 - ✅ [ 40/147] ( 27.2%) Netclan20241056
2025-06-19 14:55:01,259 - __main__ - INFO - logger.py:109 - ✅ [ 35/147] ( 23.8%) Netclan20241051
2025-06-19 14:55:01,262 - __main__ - INFO - logger.py:109 - ✅ [ 32/147] ( 21.8%) Netclan20241048
2025-06-19 14:55:58,471 - __main__ - INFO - logger.py:109 - ✅ [ 43/147] ( 29.3%) Netclan20241059
2025-06-19 14:56:00,943 - __main__ - INFO - logger.py:109 - ✅ [ 42/147] ( 28.6%) Netclan20241058
2025-06-19 14:56:00,946 - __main__ - INFO - logger.py:109 - ✅ [ 44/147] ( 29.9%) Netclan20241060
2025-06-19 14:56:00,949 - __main__ - INFO - logger.py:109 - ✅ [ 45/147] ( 30.6%) Netclan20241061
2025-06-19 14:56:00,951 - __main__ - INFO - logger.py:109 - ✅ [ 48/147] ( 32.7%) Netclan20241064
2025-06-19 14:56:00,954 - __main__ - INFO - logger.py:109 - ✅ [ 50/147] ( 34.0%) Netclan20241066
2025-06-19 14:56:00,957 - __main__ - INFO - logger.py:109 - ✅ [ 49/147] ( 33.3%) Netclan20241065
2025-06-19 14:56:00,959 - __main__ - INFO - logger.py:109 - ✅ [ 41/147] ( 27.9%) Netclan20241057
2025-06-19 14:56:00,962 - __main__ - INFO - logger.py:109 - ✅ [ 46/147] ( 31.3%) Netclan20241062
2025-06-19 14:56:01,351 - __main__ - INFO - logger.py:109 - ✅ [ 47/147] ( 32.0%) Netclan20241063
2025-06-19 14:57:01,077 - __main__ - INFO - logger.py:109 - ✅ [ 60/147] ( 40.8%) Netclan20241076
2025-06-19 14:57:01,080 - __main__ - INFO - logger.py:109 - ✅ [ 56/147] ( 38.1%) Netclan20241072
2025-06-19 14:57:01,082 - __main__ - INFO - logger.py:109 - ✅ [ 54/147] ( 36.7%) Netclan20241070
2025-06-19 14:57:01,085 - __main__ - INFO - logger.py:109 - ✅ [ 58/147] ( 39.5%) Netclan20241074
2025-06-19 14:57:01,088 - __main__ - INFO - logger.py:109 - ✅ [ 52/147] ( 35.4%) Netclan20241068
2025-06-19 14:57:01,092 - __main__ - INFO - logger.py:109 - ✅ [ 53/147] ( 36.1%) Netclan20241069
2025-06-19 14:57:01,095 - __main__ - INFO - logger.py:109 - ✅ [ 59/147] ( 40.1%) Netclan20241075
2025-06-19 14:57:01,099 - __main__ - INFO - logger.py:109 - ✅ [ 51/147] ( 34.7%) Netclan20241067
2025-06-19 14:57:01,103 - __main__ - INFO - logger.py:109 - ✅ [ 55/147] ( 37.4%) Netclan20241071
2025-06-19 14:57:01,106 - __main__ - INFO - logger.py:109 - ✅ [ 57/147] ( 38.8%) Netclan20241073
2025-06-19 14:57:59,157 - __main__ - INFO - logger.py:109 - ✅ [ 62/147] ( 42.2%) Netclan20241078
2025-06-19 14:58:01,427 - __main__ - INFO - logger.py:109 - ✅ [ 63/147] ( 42.9%) Netclan20241079
2025-06-19 14:58:03,697 - __main__ - INFO - logger.py:109 - ✅ [ 64/147] ( 43.5%) Netclan20241080
2025-06-19 14:58:03,701 - __main__ - INFO - logger.py:109 - ✅ [ 70/147] ( 47.6%) Netclan20241086
2025-06-19 14:58:03,704 - __main__ - INFO - logger.py:109 - ✅ [ 69/147] ( 46.9%) Netclan20241085
2025-06-19 14:58:03,706 - __main__ - INFO - logger.py:109 - ✅ [ 66/147] ( 44.9%) Netclan20241082
2025-06-19 14:58:03,709 - __main__ - INFO - logger.py:109 - ✅ [ 68/147] ( 46.3%) Netclan20241084
2025-06-19 14:58:03,713 - __main__ - INFO - logger.py:109 - ✅ [ 67/147] ( 45.6%) Netclan20241083
2025-06-19 14:58:03,717 - __main__ - INFO - logger.py:109 - ✅ [ 61/147] ( 41.5%) Netclan20241077
2025-06-19 14:58:03,720 - __main__ - INFO - logger.py:109 - ✅ [ 65/147] ( 44.2%) Netclan20241081
2025-06-19 14:58:59,263 - __main__ - INFO - logger.py:109 - ✅ [ 73/147] ( 49.7%) Netclan20241089
2025-06-19 14:59:00,592 - __main__ - INFO - logger.py:109 - ✅ [ 72/147] ( 49.0%) Netclan20241088
2025-06-19 14:59:00,595 - __main__ - INFO - logger.py:109 - ✅ [ 76/147] ( 51.7%) Netclan20241092
2025-06-19 14:59:01,093 - __main__ - INFO - logger.py:109 - ✅ [ 75/147] ( 51.0%) Netclan20241091
2025-06-19 14:59:02,289 - __main__ - INFO - logger.py:109 - ✅ [ 71/147] ( 48.3%) Netclan20241087
2025-06-19 14:59:03,815 - __main__ - INFO - logger.py:109 - ✅ [ 78/147] ( 53.1%) Netclan20241094
2025-06-19 14:59:03,818 - __main__ - INFO - logger.py:109 - ✅ [ 80/147] ( 54.4%) Netclan20241096
2025-06-19 14:59:03,822 - __main__ - INFO - logger.py:109 - ✅ [ 79/147] ( 53.7%) Netclan20241095
2025-06-19 14:59:03,825 - __main__ - INFO - logger.py:109 - ✅ [ 74/147] ( 50.3%) Netclan20241090
2025-06-19 14:59:04,196 - __main__ - INFO - logger.py:109 - ✅ [ 77/147] ( 52.4%) Netclan20241093
2025-06-19 14:59:59,017 - __main__ - INFO - logger.py:109 - ✅ [ 86/147] ( 58.5%) Netclan20241102
2025-06-19 15:00:02,091 - __main__ - INFO - logger.py:109 - ✅ [ 84/147] ( 57.1%) Netclan20241100
2025-06-19 15:00:04,014 - __main__ - INFO - logger.py:109 - ✅ [ 82/147] ( 55.8%) Netclan20241098
2025-06-19 15:00:04,018 - __main__ - INFO - logger.py:109 - ✅ [ 81/147] ( 55.1%) Netclan20241097
2025-06-19 15:00:04,020 - __main__ - INFO - logger.py:109 - ✅ [ 88/147] ( 59.9%) Netclan20241104
2025-06-19 15:00:04,022 - __main__ - INFO - logger.py:109 - ✅ [ 83/147] ( 56.5%) Netclan20241099
2025-06-19 15:00:04,026 - __main__ - INFO - logger.py:109 - ✅ [ 87/147] ( 59.2%) Netclan20241103
2025-06-19 15:00:04,029 - __main__ - INFO - logger.py:109 - ✅ [ 89/147] ( 60.5%) Netclan20241105
2025-06-19 15:00:04,034 - __main__ - INFO - logger.py:109 - ✅ [ 90/147] ( 61.2%) Netclan20241106
2025-06-19 15:00:04,037 - __main__ - INFO - logger.py:109 - ✅ [ 85/147] ( 57.8%) Netclan20241101
2025-06-19 15:00:59,297 - __main__ - INFO - logger.py:109 - ✅ [ 94/147] ( 63.9%) Netclan20241110
2025-06-19 15:01:03,417 - __main__ - INFO - logger.py:109 - ✅ [ 92/147] ( 62.6%) Netclan20241108
2025-06-19 15:01:05,048 - __main__ - INFO - logger.py:109 - ✅ [ 99/147] ( 67.3%) Netclan20241115
2025-06-19 15:01:05,315 - __main__ - INFO - logger.py:109 - ✅ [ 95/147] ( 64.6%) Netclan20241111
2025-06-19 15:01:05,317 - __main__ - INFO - logger.py:109 - ✅ [100/147] ( 68.0%) Netclan20241116
2025-06-19 15:01:05,567 - __main__ - INFO - logger.py:109 - ✅ [ 96/147] ( 65.3%) Netclan20241112
2025-06-19 15:01:05,570 - __main__ - INFO - logger.py:109 - ✅ [ 97/147] ( 66.0%) Netclan20241113
2025-06-19 15:01:05,816 - __main__ - INFO - logger.py:109 - ✅ [ 91/147] ( 61.9%) Netclan20241107
2025-06-19 15:01:05,819 - __main__ - INFO - logger.py:109 - ✅ [ 98/147] ( 66.7%) Netclan20241114
2025-06-19 15:01:05,822 - __main__ - INFO - logger.py:109 - ✅ [ 93/147] ( 63.3%) Netclan20241109
2025-06-19 15:01:58,306 - __main__ - INFO - logger.py:109 - ✅ [109/147] ( 74.1%) Netclan20241125
2025-06-19 15:02:00,192 - __main__ - INFO - logger.py:109 - ✅ [103/147] ( 70.1%) Netclan20241119
2025-06-19 15:02:00,194 - __main__ - INFO - logger.py:109 - ✅ [110/147] ( 74.8%) Netclan20241126
2025-06-19 15:02:00,197 - __main__ - INFO - logger.py:109 - ✅ [102/147] ( 69.4%) Netclan20241118
2025-06-19 15:02:00,199 - __main__ - INFO - logger.py:109 - ✅ [105/147] ( 71.4%) Netclan20241121
2025-06-19 15:02:00,201 - __main__ - INFO - logger.py:109 - ✅ [101/147] ( 68.7%) Netclan20241117
2025-06-19 15:02:00,774 - __main__ - INFO - logger.py:109 - ✅ [104/147] ( 70.7%) Netclan20241120
2025-06-19 15:02:01,663 - __main__ - INFO - logger.py:109 - ✅ [106/147] ( 72.1%) Netclan20241122
2025-06-19 15:02:01,666 - __main__ - INFO - logger.py:109 - ✅ [107/147] ( 72.8%) Netclan20241123
2025-06-19 15:02:01,669 - __main__ - INFO - logger.py:109 - ✅ [108/147] ( 73.5%) Netclan20241124
2025-06-19 15:03:00,940 - __main__ - INFO - logger.py:109 - ✅ [111/147] ( 75.5%) Netclan20241127
2025-06-19 15:03:00,943 - __main__ - INFO - logger.py:109 - ✅ [113/147] ( 76.9%) Netclan20241129
2025-06-19 15:03:00,946 - __main__ - INFO - logger.py:109 - ✅ [114/147] ( 77.6%) Netclan20241130
2025-06-19 15:03:00,948 - __main__ - INFO - logger.py:109 - ✅ [116/147] ( 78.9%) Netclan20241132
2025-06-19 15:03:00,950 - __main__ - INFO - logger.py:109 - ✅ [115/147] ( 78.2%) Netclan20241131
2025-06-19 15:03:00,953 - __main__ - INFO - logger.py:109 - ✅ [112/147] ( 76.2%) Netclan20241128
2025-06-19 15:03:00,955 - __main__ - INFO - logger.py:109 - ✅ [118/147] ( 80.3%) Netclan20241134
2025-06-19 15:03:02,025 - __main__ - INFO - logger.py:109 - ✅ [120/147] ( 81.6%) Netclan20241136
2025-06-19 15:03:02,028 - __main__ - INFO - logger.py:109 - ✅ [119/147] ( 81.0%) Netclan20241135
2025-06-19 15:03:02,030 - __main__ - INFO - logger.py:109 - ✅ [117/147] ( 79.6%) Netclan20241133
2025-06-19 15:03:59,406 - __main__ - INFO - logger.py:109 - ✅ [124/147] ( 84.4%) Netclan20241140
2025-06-19 15:04:03,448 - __main__ - INFO - logger.py:109 - ✅ [129/147] ( 87.8%) Netclan20241145
2025-06-19 15:04:04,167 - __main__ - INFO - logger.py:109 - ✅ [128/147] ( 87.1%) Netclan20241144
2025-06-19 15:04:04,169 - __main__ - INFO - logger.py:109 - ✅ [130/147] ( 88.4%) Netclan20241146
2025-06-19 15:04:04,171 - __main__ - INFO - logger.py:109 - ✅ [123/147] ( 83.7%) Netclan20241139
2025-06-19 15:04:04,173 - __main__ - INFO - logger.py:109 - ✅ [127/147] ( 86.4%) Netclan20241143
2025-06-19 15:04:04,176 - __main__ - INFO - logger.py:109 - ✅ [122/147] ( 83.0%) Netclan20241138
2025-06-19 15:04:04,179 - __main__ - INFO - logger.py:109 - ✅ [121/147] ( 82.3%) Netclan20241137
2025-06-19 15:04:04,182 - __main__ - INFO - logger.py:109 - ✅ [126/147] ( 85.7%) Netclan20241142
2025-06-19 15:04:04,185 - __main__ - INFO - logger.py:109 - ✅ [125/147] ( 85.0%) Netclan20241141
2025-06-19 15:05:00,456 - __main__ - INFO - logger.py:109 - ✅ [132/147] ( 89.8%) Netclan20241148
2025-06-19 15:05:02,164 - __main__ - INFO - logger.py:109 - ✅ [134/147] ( 91.2%) Netclan20241150
2025-06-19 15:05:02,440 - __main__ - INFO - logger.py:109 - ✅ [138/147] ( 93.9%) Netclan20241154
2025-06-19 15:05:02,722 - __main__ - INFO - logger.py:109 - ✅ [135/147] ( 91.8%) Netclan20241151
2025-06-19 15:05:04,642 - __main__ - INFO - logger.py:109 - ✅ [140/147] ( 95.2%) Netclan20241156
2025-06-19 15:05:04,644 - __main__ - INFO - logger.py:109 - ✅ [133/147] ( 90.5%) Netclan20241149
2025-06-19 15:05:04,647 - __main__ - INFO - logger.py:109 - ✅ [136/147] ( 92.5%) Netclan20241152
2025-06-19 15:05:04,649 - __main__ - INFO - logger.py:109 - ✅ [137/147] ( 93.2%) Netclan20241153
2025-06-19 15:05:04,652 - __main__ - INFO - logger.py:109 - ✅ [139/147] ( 94.6%) Netclan20241155
2025-06-19 15:05:04,654 - __main__ - INFO - logger.py:109 - ✅ [131/147] ( 89.1%) Netclan20241147
2025-06-19 15:05:59,684 - __main__ - INFO - logger.py:109 - ✅ [141/147] ( 95.9%) Netclan20241157
2025-06-19 15:06:03,037 - __main__ - INFO - logger.py:109 - ✅ [142/147] ( 96.6%) Netclan20241158
2025-06-19 15:06:03,040 - __main__ - INFO - logger.py:109 - ✅ [144/147] ( 98.0%) Netclan20241160
2025-06-19 15:06:03,043 - __main__ - INFO - logger.py:109 - ✅ [143/147] ( 97.3%) Netclan20241159
2025-06-19 15:06:03,045 - __main__ - INFO - logger.py:109 - ✅ [147/147] (100.0%) Netclan20241163
2025-06-19 15:06:03,048 - __main__ - INFO - logger.py:109 - ✅ [145/147] ( 98.6%) Netclan20241161
2025-06-19 15:06:05,097 - __main__ - INFO - logger.py:109 - ✅ [146/147] ( 99.3%) Netclan20241162
2025-06-19 15:06:05,100 - __main__ - INFO - logger.py:109 - Content extraction completed: 147/147 successful
2025-06-19 15:06:05,102 - __main__ - INFO - logger.py:109 - Saving extracted articles to files...
2025-06-19 15:06:05,139 - __main__ - INFO - logger.py:109 - Saved 147 article files
2025-06-19 15:06:05,142 - __main__ - INFO - logger.py:109 - Starting text analysis...
2025-06-19 15:06:05,492 - __main__ - INFO - logger.py:109 - ✅ [  1/147] (  0.7%) Netclan20241017
2025-06-19 15:06:05,573 - __main__ - INFO - logger.py:109 - ✅ [  2/147] (  1.4%) Netclan20241018
2025-06-19 15:06:05,604 - __main__ - INFO - logger.py:109 - ✅ [  3/147] (  2.0%) Netclan20241020
2025-06-19 15:06:05,613 - __main__ - INFO - logger.py:109 - ✅ [  4/147] (  2.7%) Netclan20241021
2025-06-19 15:06:05,627 - __main__ - INFO - logger.py:109 - ✅ [  5/147] (  3.4%) Netclan20241019
2025-06-19 15:06:05,643 - __main__ - INFO - logger.py:109 - ✅ [  6/147] (  4.1%) Netclan20241022
2025-06-19 15:06:05,664 - __main__ - INFO - logger.py:109 - ✅ [  7/147] (  4.8%) Netclan20241024
2025-06-19 15:06:05,703 - __main__ - INFO - logger.py:109 - ✅ [  8/147] (  5.4%) Netclan20241025
2025-06-19 15:06:05,751 - __main__ - INFO - logger.py:109 - ✅ [  9/147] (  6.1%) Netclan20241023
2025-06-19 15:06:05,762 - __main__ - INFO - logger.py:109 - ✅ [ 10/147] (  6.8%) Netclan20241028
2025-06-19 15:06:05,766 - __main__ - INFO - logger.py:109 - ✅ [ 11/147] (  7.5%) Netclan20241026
2025-06-19 15:06:05,777 - __main__ - INFO - logger.py:109 - ✅ [ 12/147] (  8.2%) Netclan20241027
2025-06-19 15:06:05,849 - __main__ - INFO - logger.py:109 - ✅ [ 13/147] (  8.8%) Netclan20241029
2025-06-19 15:06:05,932 - __main__ - INFO - logger.py:109 - ✅ [ 14/147] (  9.5%) Netclan20241030
2025-06-19 15:06:05,938 - __main__ - INFO - logger.py:109 - ✅ [ 15/147] ( 10.2%) Netclan20241031
2025-06-19 15:06:05,947 - __main__ - INFO - logger.py:109 - ✅ [ 16/147] ( 10.9%) Netclan20241032
2025-06-19 15:06:05,962 - __main__ - INFO - logger.py:109 - ✅ [ 17/147] ( 11.6%) Netclan20241033
2025-06-19 15:06:06,000 - __main__ - INFO - logger.py:109 - ✅ [ 18/147] ( 12.2%) Netclan20241034
2025-06-19 15:06:06,010 - __main__ - INFO - logger.py:109 - ✅ [ 19/147] ( 12.9%) Netclan20241035
2025-06-19 15:06:06,028 - __main__ - INFO - logger.py:109 - ✅ [ 20/147] ( 13.6%) Netclan20241036
2025-06-19 15:06:06,048 - __main__ - INFO - logger.py:109 - ✅ [ 21/147] ( 14.3%) Netclan20241037
2025-06-19 15:06:06,069 - __main__ - INFO - logger.py:109 - ✅ [ 22/147] ( 15.0%) Netclan20241039
2025-06-19 15:06:06,094 - __main__ - INFO - logger.py:109 - ✅ [ 23/147] ( 15.6%) Netclan20241038
2025-06-19 15:06:06,123 - __main__ - INFO - logger.py:109 - ✅ [ 24/147] ( 16.3%) Netclan20241041
2025-06-19 15:06:06,169 - __main__ - INFO - logger.py:109 - ✅ [ 25/147] ( 17.0%) Netclan20241040
2025-06-19 15:06:06,184 - __main__ - INFO - logger.py:109 - ✅ [ 26/147] ( 17.7%) Netclan20241042
2025-06-19 15:06:06,209 - __main__ - INFO - logger.py:109 - ✅ [ 27/147] ( 18.4%) Netclan20241043
2025-06-19 15:06:06,216 - __main__ - INFO - logger.py:109 - ✅ [ 28/147] ( 19.0%) Netclan20241044
2025-06-19 15:06:06,225 - __main__ - INFO - logger.py:109 - ✅ [ 29/147] ( 19.7%) Netclan20241045
2025-06-19 15:06:06,247 - __main__ - INFO - logger.py:109 - ✅ [ 30/147] ( 20.4%) Netclan20241046
2025-06-19 15:06:06,296 - __main__ - INFO - logger.py:109 - ✅ [ 31/147] ( 21.1%) Netclan20241050
2025-06-19 15:06:06,337 - __main__ - INFO - logger.py:109 - ✅ [ 32/147] ( 21.8%) Netclan20241048
2025-06-19 15:06:06,352 - __main__ - INFO - logger.py:109 - ✅ [ 33/147] ( 22.4%) Netclan20241047
2025-06-19 15:06:06,365 - __main__ - INFO - logger.py:109 - ✅ [ 34/147] ( 23.1%) Netclan20241049
2025-06-19 15:06:06,387 - __main__ - INFO - logger.py:109 - ✅ [ 35/147] ( 23.8%) Netclan20241051
2025-06-19 15:06:06,435 - __main__ - INFO - logger.py:109 - ✅ [ 36/147] ( 24.5%) Netclan20241052
2025-06-19 15:06:06,457 - __main__ - INFO - logger.py:109 - ✅ [ 37/147] ( 25.2%) Netclan20241053
2025-06-19 15:06:06,559 - __main__ - INFO - logger.py:109 - ✅ [ 38/147] ( 25.9%) Netclan20241054
2025-06-19 15:06:06,570 - __main__ - INFO - logger.py:109 - ✅ [ 39/147] ( 26.5%) Netclan20241055
2025-06-19 15:06:06,583 - __main__ - INFO - logger.py:109 - ✅ [ 40/147] ( 27.2%) Netclan20241057
2025-06-19 15:06:06,594 - __main__ - INFO - logger.py:109 - ✅ [ 41/147] ( 27.9%) Netclan20241058
2025-06-19 15:06:06,600 - __main__ - INFO - logger.py:109 - ✅ [ 42/147] ( 28.6%) Netclan20241056
2025-06-19 15:06:06,605 - __main__ - INFO - logger.py:109 - ✅ [ 43/147] ( 29.3%) Netclan20241059
2025-06-19 15:06:06,665 - __main__ - INFO - logger.py:109 - ✅ [ 44/147] ( 29.9%) Netclan20241060
2025-06-19 15:06:06,672 - __main__ - INFO - logger.py:109 - ✅ [ 45/147] ( 30.6%) Netclan20241061
2025-06-19 15:06:06,692 - __main__ - INFO - logger.py:109 - ✅ [ 46/147] ( 31.3%) Netclan20241063
2025-06-19 15:06:06,699 - __main__ - INFO - logger.py:109 - ✅ [ 47/147] ( 32.0%) Netclan20241062
2025-06-19 15:06:06,739 - __main__ - INFO - logger.py:109 - ✅ [ 48/147] ( 32.7%) Netclan20241064
2025-06-19 15:06:06,746 - __main__ - INFO - logger.py:109 - ✅ [ 49/147] ( 33.3%) Netclan20241065
2025-06-19 15:06:06,750 - __main__ - INFO - logger.py:109 - ✅ [ 50/147] ( 34.0%) Netclan20241066
2025-06-19 15:06:06,775 - __main__ - INFO - logger.py:109 - ✅ [ 51/147] ( 34.7%) Netclan20241067
2025-06-19 15:06:06,800 - __main__ - INFO - logger.py:109 - ✅ [ 52/147] ( 35.4%) Netclan20241068
2025-06-19 15:06:06,813 - __main__ - INFO - logger.py:109 - ✅ [ 53/147] ( 36.1%) Netclan20241069
2025-06-19 15:06:06,832 - __main__ - INFO - logger.py:109 - ✅ [ 54/147] ( 36.7%) Netclan20241070
2025-06-19 15:06:06,848 - __main__ - INFO - logger.py:109 - ✅ [ 55/147] ( 37.4%) Netclan20241071
2025-06-19 15:06:06,894 - __main__ - INFO - logger.py:109 - ✅ [ 56/147] ( 38.1%) Netclan20241072
2025-06-19 15:06:06,906 - __main__ - INFO - logger.py:109 - ✅ [ 57/147] ( 38.8%) Netclan20241074
2025-06-19 15:06:06,922 - __main__ - INFO - logger.py:109 - ✅ [ 58/147] ( 39.5%) Netclan20241073
2025-06-19 15:06:06,944 - __main__ - INFO - logger.py:109 - ✅ [ 59/147] ( 40.1%) Netclan20241077
2025-06-19 15:06:06,954 - __main__ - INFO - logger.py:109 - ✅ [ 60/147] ( 40.8%) Netclan20241075
2025-06-19 15:06:06,958 - __main__ - INFO - logger.py:109 - ✅ [ 61/147] ( 41.5%) Netclan20241076
2025-06-19 15:06:06,984 - __main__ - INFO - logger.py:109 - ✅ [ 62/147] ( 42.2%) Netclan20241078
2025-06-19 15:06:06,996 - __main__ - INFO - logger.py:109 - ✅ [ 63/147] ( 42.9%) Netclan20241079
2025-06-19 15:06:07,013 - __main__ - INFO - logger.py:109 - ✅ [ 64/147] ( 43.5%) Netclan20241081
2025-06-19 15:06:07,028 - __main__ - INFO - logger.py:109 - ✅ [ 65/147] ( 44.2%) Netclan20241080
2025-06-19 15:06:07,035 - __main__ - INFO - logger.py:109 - ✅ [ 66/147] ( 44.9%) Netclan20241082
2025-06-19 15:06:07,075 - __main__ - INFO - logger.py:109 - ✅ [ 67/147] ( 45.6%) Netclan20241084
2025-06-19 15:06:07,088 - __main__ - INFO - logger.py:109 - ✅ [ 68/147] ( 46.3%) Netclan20241085
2025-06-19 15:06:07,096 - __main__ - INFO - logger.py:109 - ✅ [ 69/147] ( 46.9%) Netclan20241086
2025-06-19 15:06:07,099 - __main__ - INFO - logger.py:109 - ✅ [ 70/147] ( 47.6%) Netclan20241083
2025-06-19 15:06:07,115 - __main__ - INFO - logger.py:109 - ✅ [ 71/147] ( 48.3%) Netclan20241087
2025-06-19 15:06:07,150 - __main__ - INFO - logger.py:109 - ✅ [ 72/147] ( 49.0%) Netclan20241090
2025-06-19 15:06:07,163 - __main__ - INFO - logger.py:109 - ✅ [ 73/147] ( 49.7%) Netclan20241091
2025-06-19 15:06:07,173 - __main__ - INFO - logger.py:109 - ✅ [ 74/147] ( 50.3%) Netclan20241088
2025-06-19 15:06:07,185 - __main__ - INFO - logger.py:109 - ✅ [ 75/147] ( 51.0%) Netclan20241089
2025-06-19 15:06:07,207 - __main__ - INFO - logger.py:109 - ✅ [ 76/147] ( 51.7%) Netclan20241092
2025-06-19 15:06:07,229 - __main__ - INFO - logger.py:109 - ✅ [ 77/147] ( 52.4%) Netclan20241093
2025-06-19 15:06:07,248 - __main__ - INFO - logger.py:109 - ✅ [ 78/147] ( 53.1%) Netclan20241094
2025-06-19 15:06:07,260 - __main__ - INFO - logger.py:109 - ✅ [ 79/147] ( 53.7%) Netclan20241095
2025-06-19 15:06:07,279 - __main__ - INFO - logger.py:109 - ✅ [ 80/147] ( 54.4%) Netclan20241096
2025-06-19 15:06:07,285 - __main__ - INFO - logger.py:109 - ✅ [ 81/147] ( 55.1%) Netclan20241098
2025-06-19 15:06:07,299 - __main__ - INFO - logger.py:109 - ✅ [ 82/147] ( 55.8%) Netclan20241097
2025-06-19 15:06:07,325 - __main__ - INFO - logger.py:109 - ✅ [ 83/147] ( 56.5%) Netclan20241099
2025-06-19 15:06:07,336 - __main__ - INFO - logger.py:109 - ✅ [ 84/147] ( 57.1%) Netclan20241101
2025-06-19 15:06:07,343 - __main__ - INFO - logger.py:109 - ✅ [ 85/147] ( 57.8%) Netclan20241100
2025-06-19 15:06:07,356 - __main__ - INFO - logger.py:109 - ✅ [ 86/147] ( 58.5%) Netclan20241102
2025-06-19 15:06:07,374 - __main__ - INFO - logger.py:109 - ✅ [ 87/147] ( 59.2%) Netclan20241103
2025-06-19 15:06:07,387 - __main__ - INFO - logger.py:109 - ✅ [ 88/147] ( 59.9%) Netclan20241104
2025-06-19 15:06:07,396 - __main__ - INFO - logger.py:109 - ✅ [ 89/147] ( 60.5%) Netclan20241105
2025-06-19 15:06:07,455 - __main__ - INFO - logger.py:109 - ✅ [ 90/147] ( 61.2%) Netclan20241107
2025-06-19 15:06:07,495 - __main__ - INFO - logger.py:109 - ✅ [ 91/147] ( 61.9%) Netclan20241109
2025-06-19 15:06:07,502 - __main__ - INFO - logger.py:109 - ✅ [ 92/147] ( 62.6%) Netclan20241106
2025-06-19 15:06:07,532 - __main__ - INFO - logger.py:109 - ✅ [ 93/147] ( 63.3%) Netclan20241108
2025-06-19 15:06:07,546 - __main__ - INFO - logger.py:109 - ✅ [ 94/147] ( 63.9%) Netclan20241110
2025-06-19 15:06:07,573 - __main__ - INFO - logger.py:109 - ✅ [ 95/147] ( 64.6%) Netclan20241111
2025-06-19 15:06:07,580 - __main__ - INFO - logger.py:109 - ✅ [ 96/147] ( 65.3%) Netclan20241113
2025-06-19 15:06:07,594 - __main__ - INFO - logger.py:109 - ✅ [ 97/147] ( 66.0%) Netclan20241112
2025-06-19 15:06:07,617 - __main__ - INFO - logger.py:109 - ✅ [ 98/147] ( 66.7%) Netclan20241114
2025-06-19 15:06:07,632 - __main__ - INFO - logger.py:109 - ✅ [ 99/147] ( 67.3%) Netclan20241115
2025-06-19 15:06:07,659 - __main__ - INFO - logger.py:109 - ✅ [100/147] ( 68.0%) Netclan20241117
2025-06-19 15:06:07,664 - __main__ - INFO - logger.py:109 - ✅ [101/147] ( 68.7%) Netclan20241116
2025-06-19 15:06:07,673 - __main__ - INFO - logger.py:109 - ✅ [102/147] ( 69.4%) Netclan20241118
2025-06-19 15:06:07,680 - __main__ - INFO - logger.py:109 - ✅ [103/147] ( 70.1%) Netclan20241119
2025-06-19 15:06:07,703 - __main__ - INFO - logger.py:109 - ✅ [104/147] ( 70.7%) Netclan20241121
2025-06-19 15:06:07,721 - __main__ - INFO - logger.py:109 - ✅ [105/147] ( 71.4%) Netclan20241120
2025-06-19 15:06:07,735 - __main__ - INFO - logger.py:109 - ✅ [106/147] ( 72.1%) Netclan20241122
2025-06-19 15:06:07,747 - __main__ - INFO - logger.py:109 - ✅ [107/147] ( 72.8%) Netclan20241123
2025-06-19 15:06:07,765 - __main__ - INFO - logger.py:109 - ✅ [108/147] ( 73.5%) Netclan20241124
2025-06-19 15:06:07,787 - __main__ - INFO - logger.py:109 - ✅ [109/147] ( 74.1%) Netclan20241126
2025-06-19 15:06:07,800 - __main__ - INFO - logger.py:109 - ✅ [110/147] ( 74.8%) Netclan20241125
2025-06-19 15:06:07,805 - __main__ - INFO - logger.py:109 - ✅ [111/147] ( 75.5%) Netclan20241128
2025-06-19 15:06:07,816 - __main__ - INFO - logger.py:109 - ✅ [112/147] ( 76.2%) Netclan20241127
2025-06-19 15:06:07,848 - __main__ - INFO - logger.py:109 - ✅ [113/147] ( 76.9%) Netclan20241129
2025-06-19 15:06:07,877 - __main__ - INFO - logger.py:109 - ✅ [114/147] ( 77.6%) Netclan20241131
2025-06-19 15:06:07,887 - __main__ - INFO - logger.py:109 - ✅ [115/147] ( 78.2%) Netclan20241130
2025-06-19 15:06:07,909 - __main__ - INFO - logger.py:109 - ✅ [116/147] ( 78.9%) Netclan20241135
2025-06-19 15:06:07,927 - __main__ - INFO - logger.py:109 - ✅ [117/147] ( 79.6%) Netclan20241132
2025-06-19 15:06:07,943 - __main__ - INFO - logger.py:109 - ✅ [118/147] ( 80.3%) Netclan20241133
2025-06-19 15:06:07,967 - __main__ - INFO - logger.py:109 - ✅ [119/147] ( 81.0%) Netclan20241136
2025-06-19 15:06:07,974 - __main__ - INFO - logger.py:109 - ✅ [120/147] ( 81.6%) Netclan20241137
2025-06-19 15:06:08,003 - __main__ - INFO - logger.py:109 - ✅ [121/147] ( 82.3%) Netclan20241138
2025-06-19 15:06:08,016 - __main__ - INFO - logger.py:109 - ✅ [122/147] ( 83.0%) Netclan20241134
2025-06-19 15:06:08,036 - __main__ - INFO - logger.py:109 - ✅ [123/147] ( 83.7%) Netclan20241139
2025-06-19 15:06:08,064 - __main__ - INFO - logger.py:109 - ✅ [124/147] ( 84.4%) Netclan20241141
2025-06-19 15:06:08,082 - __main__ - INFO - logger.py:109 - ✅ [125/147] ( 85.0%) Netclan20241140
2025-06-19 15:06:08,094 - __main__ - INFO - logger.py:109 - ✅ [126/147] ( 85.7%) Netclan20241142
2025-06-19 15:06:08,111 - __main__ - INFO - logger.py:109 - ✅ [127/147] ( 86.4%) Netclan20241143
2025-06-19 15:06:08,137 - __main__ - INFO - logger.py:109 - ✅ [128/147] ( 87.1%) Netclan20241144
2025-06-19 15:06:08,142 - __main__ - INFO - logger.py:109 - ✅ [129/147] ( 87.8%) Netclan20241145
2025-06-19 15:06:08,149 - __main__ - INFO - logger.py:109 - ✅ [130/147] ( 88.4%) Netclan20241146
2025-06-19 15:06:08,162 - __main__ - INFO - logger.py:109 - ✅ [131/147] ( 89.1%) Netclan20241148
2025-06-19 15:06:08,180 - __main__ - INFO - logger.py:109 - ✅ [132/147] ( 89.8%) Netclan20241147
2025-06-19 15:06:08,201 - __main__ - INFO - logger.py:109 - ✅ [133/147] ( 90.5%) Netclan20241152
2025-06-19 15:06:08,207 - __main__ - INFO - logger.py:109 - ✅ [134/147] ( 91.2%) Netclan20241150
2025-06-19 15:06:08,230 - __main__ - INFO - logger.py:109 - ✅ [135/147] ( 91.8%) Netclan20241151
2025-06-19 15:06:08,249 - __main__ - INFO - logger.py:109 - ✅ [136/147] ( 92.5%) Netclan20241149
2025-06-19 15:06:08,265 - __main__ - INFO - logger.py:109 - ✅ [137/147] ( 93.2%) Netclan20241153
2025-06-19 15:06:08,308 - __main__ - INFO - logger.py:109 - ✅ [138/147] ( 93.9%) Netclan20241154
2025-06-19 15:06:08,323 - __main__ - INFO - logger.py:109 - ✅ [139/147] ( 94.6%) Netclan20241155
2025-06-19 15:06:08,334 - __main__ - INFO - logger.py:109 - ✅ [140/147] ( 95.2%) Netclan20241156
2025-06-19 15:06:08,348 - __main__ - INFO - logger.py:109 - ✅ [141/147] ( 95.9%) Netclan20241158
2025-06-19 15:06:08,366 - __main__ - INFO - logger.py:109 - ✅ [142/147] ( 96.6%) Netclan20241157
2025-06-19 15:06:08,378 - __main__ - INFO - logger.py:109 - ✅ [143/147] ( 97.3%) Netclan20241159
2025-06-19 15:06:08,393 - __main__ - INFO - logger.py:109 - ✅ [144/147] ( 98.0%) Netclan20241160
2025-06-19 15:06:08,410 - __main__ - INFO - logger.py:109 - ✅ [145/147] ( 98.6%) Netclan20241163
2025-06-19 15:06:08,413 - __main__ - INFO - logger.py:109 - ✅ [146/147] ( 99.3%) Netclan20241161
2025-06-19 15:06:08,416 - __main__ - INFO - logger.py:109 - ✅ [147/147] (100.0%) Netclan20241162
2025-06-19 15:06:08,427 - __main__ - INFO - logger.py:109 - Text analysis completed: 147/147 successful
2025-06-19 15:06:08,434 - __main__ - INFO - logger.py:109 - Saving analysis results...
2025-06-19 15:06:08,594 - __main__ - INFO - logger.py:109 - Analysis results saved successfully
2025-06-19 15:06:08,606 - __main__ - INFO - logger.py:109 - Performing post-processing validation...
